<?xml version="1.0" encoding="UTF-8"?>
<!-- Generated by org.testng.reporters.JUnitXMLReporter -->
<testsuite ignored="0" hostname="RA-LR2M5KM-L" failures="0" tests="4" name="Test" time="123.104" errors="0" timestamp="2021-06-08T09:19:59 IST">
  <testcase classname="Mainclass.test2" name="Miscellaneous" time="8.118"/>
  <testcase classname="Mainclass.test2" name="invest" time="3.284"/>
  <testcase classname="Mainclass.main1" name="InstasavingAccount" time="4.003"/>
  <testcase classname="Mainclass.main1" name="PersonalsLoans" time="7.563"/>
</testsuite> <!-- Test -->
