<?xml version="1.0" encoding="UTF-8"?>
<!-- Generated by org.testng.reporters.JUnitXMLReporter -->
<testsuite ignored="0" hostname="RA-LR2M5KM-L" failures="0" tests="4" name="ChromeTest" time="56.499" errors="0" timestamp="2021-06-22T00:31:34 IST">
  <testcase classname="main.Testclass2" name="verifyreports" time="8.923"/>
  <testcase classname="main.Testclass2" name="workschedule" time="1.714"/>
  <testcase classname="main.mainclass" name="verifytask" time="6.686"/>
  <testcase classname="main.mainclass" name="verifyuser" time="10.865"/>
</testsuite> <!-- ChromeTest -->
