<?xml version="1.0" encoding="UTF-8"?>
<!-- Generated by org.testng.reporters.JUnitXMLReporter -->
<testsuite ignored="0" hostname="RA-LR2M5KM-L" failures="0" tests="4" name="FireFox" time="41.029" errors="0" timestamp="2021-06-17T16:14:57 IST">
  <testcase classname="main.Testclass2" name="verifyreports" time="0.8"/>
  <testcase classname="main.Testclass2" name="workschedule" time="0.441"/>
  <testcase classname="main.mainclass" name="verifytask" time="4.35"/>
  <testcase classname="main.mainclass" name="verifyuser" time="1.789"/>
</testsuite> <!-- FireFox -->
