<?xml version="1.0" encoding="UTF-8"?>
<!-- Generated by org.testng.reporters.JUnitXMLReporter -->
<testsuite ignored="0" hostname="RA-LR2M5KM-L" failures="0" tests="4" name="Test" time="26.796" errors="0" timestamp="2021-06-06T16:57:07 IST">
  <testcase classname="main.Testclass2" name="verifyreports" time="1.456"/>
  <testcase classname="main.Testclass2" name="workschedule" time="0.578"/>
  <testcase classname="main.mainclass" name="verifytask" time="3.688"/>
  <testcase classname="main.mainclass" name="verifyuser" time="1.306"/>
</testsuite> <!-- Test -->
