<?xml version="1.0" encoding="UTF-8"?>
<!-- Generated by org.testng.reporters.JUnitXMLReporter -->
<testsuite ignored="0" hostname="RA-LR2M5KM-L" failures="0" tests="4" name="ChromeTest" time="29.887" errors="0" timestamp="2021-06-17T16:14:16 IST">
  <testcase classname="main.Testclass2" name="verifyreports" time="2.655"/>
  <testcase classname="main.Testclass2" name="workschedule" time="0.768"/>
  <testcase classname="main.mainclass" name="verifytask" time="4.022"/>
  <testcase classname="main.mainclass" name="verifyuser" time="1.379"/>
</testsuite> <!-- ChromeTest -->
