<?xml version="1.0" encoding="UTF-8"?>
<testng-results ignored="0" total="2" passed="2" failed="0" skipped="0">
  <reporter-output>
  </reporter-output>
  <suite started-at="2021-06-09T11:50:45 IST" name="Default suite" finished-at="2021-06-09T11:51:32 IST" duration-ms="47256">
    <groups>
    </groups>
    <test started-at="2021-06-09T11:50:45 IST" name="Default test" finished-at="2021-06-09T11:51:32 IST" duration-ms="47256">
      <class name="Main.mainclass">
        <test-method is-config="true" signature="beforeclass()[pri:0, instance:Main.mainclass@51e69659]" started-at="2021-06-09T11:50:45 IST" name="beforeclass" finished-at="2021-06-09T11:50:48 IST" duration-ms="3036" status="PASS">
          <reporter-output>
          </reporter-output>
        </test-method> <!-- beforeclass -->
        <test-method is-config="true" signature="homepage()[pri:0, instance:Main.mainclass@51e69659]" started-at="2021-06-09T11:50:48 IST" name="homepage" finished-at="2021-06-09T11:50:56 IST" duration-ms="7710" status="PASS">
          <reporter-output>
          </reporter-output>
        </test-method> <!-- homepage -->
        <test-method signature="bestseller()[pri:0, instance:Main.mainclass@51e69659]" started-at="2021-06-09T11:50:56 IST" name="bestseller" finished-at="2021-06-09T11:51:03 IST" duration-ms="7009" status="PASS">
          <reporter-output>
          </reporter-output>
        </test-method> <!-- bestseller -->
        <test-method is-config="true" signature="logout()[pri:0, instance:Main.mainclass@51e69659]" started-at="2021-06-09T11:51:03 IST" name="logout" finished-at="2021-06-09T11:51:10 IST" duration-ms="6946" status="PASS">
          <reporter-output>
          </reporter-output>
        </test-method> <!-- logout -->
        <test-method is-config="true" signature="homepage()[pri:0, instance:Main.mainclass@51e69659]" started-at="2021-06-09T11:51:10 IST" name="homepage" finished-at="2021-06-09T11:51:14 IST" duration-ms="4220" status="PASS">
          <reporter-output>
          </reporter-output>
        </test-method> <!-- homepage -->
        <test-method signature="samsung()[pri:0, instance:Main.mainclass@51e69659]" started-at="2021-06-09T11:51:14 IST" name="samsung" finished-at="2021-06-09T11:51:24 IST" duration-ms="10188" status="PASS">
          <reporter-output>
          </reporter-output>
        </test-method> <!-- samsung -->
        <test-method is-config="true" signature="logout()[pri:0, instance:Main.mainclass@51e69659]" started-at="2021-06-09T11:51:24 IST" name="logout" finished-at="2021-06-09T11:51:32 IST" duration-ms="7950" status="PASS">
          <reporter-output>
          </reporter-output>
        </test-method> <!-- logout -->
        <test-method is-config="true" signature="close()[pri:0, instance:Main.mainclass@51e69659]" started-at="2021-06-09T11:51:32 IST" name="close" finished-at="2021-06-09T11:51:32 IST" duration-ms="112" status="PASS">
          <reporter-output>
          </reporter-output>
        </test-method> <!-- close -->
      </class> <!-- Main.mainclass -->
    </test> <!-- Default test -->
  </suite> <!-- Default suite -->
</testng-results>
