<?xml version="1.0" encoding="UTF-8"?>
<testng-results ignored="0" total="2" passed="2" failed="0" skipped="0">
  <reporter-output>
  </reporter-output>
  <suite started-at="2021-06-02T21:34:39 IST" name="Default suite" finished-at="2021-06-02T21:34:54 IST" duration-ms="15579">
    <groups>
    </groups>
    <test started-at="2021-06-02T21:34:39 IST" name="Default test" finished-at="2021-06-02T21:34:54 IST" duration-ms="15579">
      <class name="Pomclass.main">
        <test-method is-config="true" signature="beforeclass()[pri:0, instance:Pomclass.main@3cebbb30]" started-at="2021-06-02T21:34:39 IST" name="beforeclass" finished-at="2021-06-02T21:34:42 IST" duration-ms="3112" status="PASS">
          <reporter-output>
          </reporter-output>
        </test-method> <!-- beforeclass -->
        <test-method is-config="true" signature="beforemethod()[pri:0, instance:Pomclass.main@3cebbb30]" started-at="2021-06-02T21:34:42 IST" name="beforemethod" finished-at="2021-06-02T21:34:42 IST" duration-ms="391" status="PASS">
          <reporter-output>
          </reporter-output>
        </test-method> <!-- beforemethod -->
        <test-method signature="verifytask()[pri:0, instance:Pomclass.main@3cebbb30]" started-at="2021-06-02T21:34:42 IST" name="verifytask" finished-at="2021-06-02T21:34:46 IST" duration-ms="3914" status="PASS">
          <reporter-output>
          </reporter-output>
        </test-method> <!-- verifytask -->
        <test-method is-config="true" signature="aftermethod()[pri:0, instance:Pomclass.main@3cebbb30]" started-at="2021-06-02T21:34:46 IST" name="aftermethod" finished-at="2021-06-02T21:34:49 IST" duration-ms="3197" status="PASS">
          <reporter-output>
          </reporter-output>
        </test-method> <!-- aftermethod -->
        <test-method is-config="true" signature="beforemethod()[pri:0, instance:Pomclass.main@3cebbb30]" started-at="2021-06-02T21:34:49 IST" name="beforemethod" finished-at="2021-06-02T21:34:49 IST" duration-ms="193" status="PASS">
          <reporter-output>
          </reporter-output>
        </test-method> <!-- beforemethod -->
        <test-method signature="verifyuser()[pri:0, instance:Pomclass.main@3cebbb30]" started-at="2021-06-02T21:34:49 IST" name="verifyuser" finished-at="2021-06-02T21:34:51 IST" duration-ms="1116" status="PASS">
          <reporter-output>
          </reporter-output>
        </test-method> <!-- verifyuser -->
        <test-method is-config="true" signature="aftermethod()[pri:0, instance:Pomclass.main@3cebbb30]" started-at="2021-06-02T21:34:51 IST" name="aftermethod" finished-at="2021-06-02T21:34:54 IST" duration-ms="3409" status="PASS">
          <reporter-output>
          </reporter-output>
        </test-method> <!-- aftermethod -->
        <test-method is-config="true" signature="afterclass()[pri:0, instance:Pomclass.main@3cebbb30]" started-at="2021-06-02T21:34:54 IST" name="afterclass" finished-at="2021-06-02T21:34:54 IST" duration-ms="173" status="PASS">
          <reporter-output>
          </reporter-output>
        </test-method> <!-- afterclass -->
      </class> <!-- Pomclass.main -->
    </test> <!-- Default test -->
  </suite> <!-- Default suite -->
</testng-results>
