<?xml version="1.0" encoding="UTF-8"?>
<!-- Generated by org.testng.reporters.JUnitXMLReporter -->
<testsuite ignored="0" hostname="RA-LR2M5KM-L" failures="0" tests="4" name="Test" time="76.078" errors="0" timestamp="2021-06-06T23:27:19 IST">
  <testcase classname="main.test2" name="market" time="7.958"/>
  <testcase classname="main.test2" name="watch" time="7.564"/>
  <testcase classname="main.mainclass" name="bookmarks" time="7.926"/>
  <testcase classname="main.mainclass" name="group" time="6.739"/>
</testsuite> <!-- Test -->
