<?xml version="1.0" encoding="UTF-8"?>
<testng-results ignored="0" total="4" passed="4" failed="0" skipped="0">
  <reporter-output>
  </reporter-output>
  <suite started-at="2021-06-18T01:14:36 IST" name="Suite" finished-at="2021-06-18T01:16:07 IST" duration-ms="90851">
    <groups>
    </groups>
    <test started-at="2021-06-18T01:14:36 IST" name="ChromeTest" finished-at="2021-06-18T01:15:15 IST" duration-ms="38804">
      <class name="Test.test2">
        <test-method is-config="true" signature="LaunchBrowser(java.lang.String)[pri:0, instance:Test.test2@b9b00e0]" started-at="2021-06-18T01:14:43 IST" name="LaunchBrowser" finished-at="2021-06-18T01:14:45 IST" duration-ms="2405" status="PASS">
          <params>
            <param index="0">
              <value>
                <![CDATA[Chrome]]>
              </value>
            </param>
          </params>
          <reporter-output>
          </reporter-output>
        </test-method> <!-- LaunchBrowser -->
        <test-method signature="LaunchApp()[pri:0, instance:Test.test2@b9b00e0]" started-at="2021-06-18T01:14:51 IST" name="LaunchApp" finished-at="2021-06-18T01:15:15 IST" duration-ms="23788" status="PASS">
          <reporter-output>
          </reporter-output>
        </test-method> <!-- LaunchApp -->
        <test-method is-config="true" signature="closebroser()[pri:0, instance:Test.test2@b9b00e0]" started-at="2021-06-18T01:15:15 IST" name="closebroser" finished-at="2021-06-18T01:15:15 IST" duration-ms="116" status="PASS">
          <reporter-output>
          </reporter-output>
        </test-method> <!-- closebroser -->
      </class> <!-- Test.test2 -->
      <class name="Test.test1">
        <test-method is-config="true" signature="LaunchBrowser(java.lang.String)[pri:0, instance:Test.test1@428640fa]" started-at="2021-06-18T01:14:36 IST" name="LaunchBrowser" finished-at="2021-06-18T01:14:43 IST" duration-ms="6347" status="PASS">
          <params>
            <param index="0">
              <value>
                <![CDATA[Chrome]]>
              </value>
            </param>
          </params>
          <reporter-output>
          </reporter-output>
        </test-method> <!-- LaunchBrowser -->
        <test-method signature="VerifyLoginpage()[pri:0, instance:Test.test1@428640fa]" started-at="2021-06-18T01:14:45 IST" name="VerifyLoginpage" finished-at="2021-06-18T01:14:51 IST" duration-ms="6009" status="PASS">
          <reporter-output>
          </reporter-output>
        </test-method> <!-- VerifyLoginpage -->
        <test-method is-config="true" signature="closebroser()[pri:0, instance:Test.test1@428640fa]" started-at="2021-06-18T01:14:51 IST" name="closebroser" finished-at="2021-06-18T01:14:51 IST" duration-ms="99" status="PASS">
          <reporter-output>
          </reporter-output>
        </test-method> <!-- closebroser -->
      </class> <!-- Test.test1 -->
    </test> <!-- ChromeTest -->
    <test started-at="2021-06-18T01:15:15 IST" name="FireFox" finished-at="2021-06-18T01:16:07 IST" duration-ms="51993">
      <class name="Test.test2">
        <test-method is-config="true" signature="LaunchBrowser(java.lang.String)[pri:0, instance:Test.test2@5ab956d7]" started-at="2021-06-18T01:15:21 IST" name="LaunchBrowser" finished-at="2021-06-18T01:15:26 IST" duration-ms="5121" status="PASS">
          <params>
            <param index="0">
              <value>
                <![CDATA[FireFox]]>
              </value>
            </param>
          </params>
          <reporter-output>
          </reporter-output>
        </test-method> <!-- LaunchBrowser -->
        <test-method signature="LaunchApp()[pri:0, instance:Test.test2@5ab956d7]" started-at="2021-06-18T01:15:42 IST" name="LaunchApp" finished-at="2021-06-18T01:16:06 IST" duration-ms="23391" status="PASS">
          <reporter-output>
          </reporter-output>
        </test-method> <!-- LaunchApp -->
        <test-method is-config="true" signature="closebroser()[pri:0, instance:Test.test2@5ab956d7]" started-at="2021-06-18T01:16:06 IST" name="closebroser" finished-at="2021-06-18T01:16:07 IST" duration-ms="1545" status="PASS">
          <reporter-output>
          </reporter-output>
        </test-method> <!-- closebroser -->
      </class> <!-- Test.test2 -->
      <class name="Test.test1">
        <test-method is-config="true" signature="LaunchBrowser(java.lang.String)[pri:0, instance:Test.test1@2892d68]" started-at="2021-06-18T01:15:15 IST" name="LaunchBrowser" finished-at="2021-06-18T01:15:21 IST" duration-ms="5277" status="PASS">
          <params>
            <param index="0">
              <value>
                <![CDATA[FireFox]]>
              </value>
            </param>
          </params>
          <reporter-output>
          </reporter-output>
        </test-method> <!-- LaunchBrowser -->
        <test-method signature="VerifyLoginpage()[pri:0, instance:Test.test1@2892d68]" started-at="2021-06-18T01:15:26 IST" name="VerifyLoginpage" finished-at="2021-06-18T01:15:39 IST" duration-ms="13009" status="PASS">
          <reporter-output>
          </reporter-output>
        </test-method> <!-- VerifyLoginpage -->
        <test-method is-config="true" signature="closebroser()[pri:0, instance:Test.test1@2892d68]" started-at="2021-06-18T01:15:39 IST" name="closebroser" finished-at="2021-06-18T01:15:42 IST" duration-ms="3634" status="PASS">
          <reporter-output>
          </reporter-output>
        </test-method> <!-- closebroser -->
      </class> <!-- Test.test1 -->
    </test> <!-- FireFox -->
  </suite> <!-- Suite -->
</testng-results>
